<?xml version="1.0" encoding="UTF-8" standalone="no"?>
<!DOCTYPE log SYSTEM "logger.dtd">
<log>
<record>
  <date>2024-12-03T08:41:51.403365400Z</date>
  <millis>1733215311403</millis>
  <nanos>365400</nanos>
  <sequence>0</sequence>
  <logger>org.apache.coyote.http11.Http11NioProtocol</logger>
  <level>INFO</level>
  <class>org.apache.coyote.AbstractProtocol</class>
  <method>init</method>
  <thread>1</thread>
  <message>Initializing ProtocolHandler ["http-nio-8080"]</message>
</record>
<record>
  <date>2024-12-03T08:41:51.410352300Z</date>
  <millis>1733215311410</millis>
  <nanos>352300</nanos>
  <sequence>1</sequence>
  <logger>org.apache.catalina.core.StandardService</logger>
  <level>INFO</level>
  <class>org.apache.catalina.core.StandardService</class>
  <method>startInternal</method>
  <thread>1</thread>
  <message>Starting service [Tomcat]</message>
</record>
<record>
  <date>2024-12-03T08:41:51.410352300Z</date>
  <millis>1733215311410</millis>
  <nanos>352300</nanos>
  <sequence>2</sequence>
  <logger>org.apache.catalina.core.StandardEngine</logger>
  <level>INFO</level>
  <class>org.apache.catalina.core.StandardEngine</class>
  <method>startInternal</method>
  <thread>1</thread>
  <message>Starting Servlet engine: [Apache Tomcat/10.1.33]</message>
</record>
<record>
  <date>2024-12-03T08:41:51.487558600Z</date>
  <millis>1733215311487</millis>
  <nanos>558600</nanos>
  <sequence>3</sequence>
  <logger>org.apache.catalina.core.ContainerBase.[Tomcat].[localhost].[/]</logger>
  <level>INFO</level>
  <class>org.apache.catalina.core.ApplicationContext</class>
  <method>log</method>
  <thread>1</thread>
  <message>Initializing Spring embedded WebApplicationContext</message>
</record>
<record>
  <date>2024-12-03T08:41:52.015130800Z</date>
  <millis>1733215312015</millis>
  <nanos>130800</nanos>
  <sequence>4</sequence>
  <logger>org.apache.coyote.http11.Http11NioProtocol</logger>
  <level>INFO</level>
  <class>org.apache.coyote.AbstractProtocol</class>
  <method>start</method>
  <thread>1</thread>
  <message>Starting ProtocolHandler ["http-nio-8080"]</message>
</record>
<record>
  <date>2024-12-03T08:41:52.028944200Z</date>
  <millis>1733215312028</millis>
  <nanos>944200</nanos>
  <sequence>5</sequence>
  <logger>org.apache.catalina.core.StandardService</logger>
  <level>INFO</level>
  <class>org.apache.catalina.core.StandardService</class>
  <method>stopInternal</method>
  <thread>1</thread>
  <message>Stopping service [Tomcat]</message>
</record>
</log>
